<?xml version="1.0" encoding="UTF-8"?>
<testsuite name="com.udacity.gradle.test.EchoTest" tests="1" skipped="0" failures="0" errors="0" timestamp="2019-09-24T07:27:44" hostname="Yinis-MacBook-Pro.local" time="0.0">
  <properties/>
  <testcase name="test" classname="com.udacity.gradle.test.EchoTest" time="0.0"/>
  <system-out><![CDATA[]]></system-out>
  <system-err><![CDATA[]]></system-err>
</testsuite>
